<!DOCTYPE html>

<html>
  <head>
  <meta charset='utf-8'>
  <title>TestNG reports</title>

    <link type="text/css" href="testng-reports.css" rel="stylesheet" />
    <script type="text/javascript" src="jquery-1.7.1.min.js"></script>
    <script type="text/javascript" src="testng-reports.js"></script>
    <script type="text/javascript" src="https://www.google.com/jsapi"></script>
    <script type='text/javascript'>
      google.load('visualization', '1', {packages:['table']});
      google.setOnLoadCallback(drawTable);
      var suiteTableInitFunctions = new Array();
      var suiteTableData = new Array();
    </script>
    <!--
      <script type="text/javascript" src="jquery-ui/js/jquery-ui-1.8.16.custom.min.js"></script>
     -->
  </head>

  <body>
    <div class="top-banner-root">
      <span class="top-banner-title-font">Test results</span>
      <br/>
      <span class="top-banner-font-1">1 suite, 1 failed test</span>
    </div> <!-- top-banner-root -->
    <div class="navigator-root">
      <div class="navigator-suite-header">
        <span>All suites</span>
        <a href="#" class="collapse-all-link" title="Collapse/expand all the suites">
          <img class="collapse-all-icon" src="collapseall.gif">
          </img> <!-- collapse-all-icon -->
        </a> <!-- collapse-all-link -->
      </div> <!-- navigator-suite-header -->
      <div class="suite">
        <div class="rounded-window">
          <div class="suite-header light-rounded-window-top">
            <a href="#" class="navigator-link" panel-name="suite-Test_Suite--_Free_CRM_Test">
              <span class="suite-name border-failed">Test Suite-- Free CRM Test</span>
            </a> <!-- navigator-link -->
          </div> <!-- suite-header light-rounded-window-top -->
          <div class="navigator-suite-content">
            <div class="suite-section-title">
              <span>Info</span>
            </div> <!-- suite-section-title -->
            <div class="suite-section-content">
              <ul>
                <li>
                  <a href="#" class="navigator-link " panel-name="test-xml-Test_Suite--_Free_CRM_Test">
                    <span>C:\Users\Rasheed\workspace\framework\src\main\java\resources\testng.xml</span>
                  </a> <!-- navigator-link  -->
                </li>
                <li>
                  <a href="#" class="navigator-link " panel-name="testlist-Test_Suite--_Free_CRM_Test">
                    <span class="test-stats">1 test</span>
                  </a> <!-- navigator-link  -->
                </li>
                <li>
                  <a href="#" class="navigator-link " panel-name="group-Test_Suite--_Free_CRM_Test">
                    <span>0 groups</span>
                  </a> <!-- navigator-link  -->
                </li>
                <li>
                  <a href="#" class="navigator-link " panel-name="times-Test_Suite--_Free_CRM_Test">
                    <span>Times</span>
                  </a> <!-- navigator-link  -->
                </li>
                <li>
                  <a href="#" class="navigator-link " panel-name="reporter-Test_Suite--_Free_CRM_Test">
                    <span>Reporter output</span>
                  </a> <!-- navigator-link  -->
                </li>
                <li>
                  <a href="#" class="navigator-link " panel-name="ignored-methods-Test_Suite--_Free_CRM_Test">
                    <span>Ignored methods</span>
                  </a> <!-- navigator-link  -->
                </li>
                <li>
                  <a href="#" class="navigator-link " panel-name="chronological-Test_Suite--_Free_CRM_Test">
                    <span>Chronological view</span>
                  </a> <!-- navigator-link  -->
                </li>
              </ul>
            </div> <!-- suite-section-content -->
            <div class="result-section">
              <div class="suite-section-title">
                <span>Results</span>
              </div> <!-- suite-section-title -->
              <div class="suite-section-content">
                <ul>
                  <li>
                    <span class="method-stats">10 methods, 1 failed,  2 skipped,  7 passed</span>
                  </li>
                  <li>
                    <span class="method-list-title failed">Failed methods</span>
                    <span class="show-or-hide-methods failed">
                      <a href="#" panel-name="suite-Test_Suite--_Free_CRM_Test" class="hide-methods failed suite-Test_Suite--_Free_CRM_Test"> (hide)</a> <!-- hide-methods failed suite-Test_Suite-_Free_CRM_Test -->
                      <a href="#" panel-name="suite-Test_Suite--_Free_CRM_Test" class="show-methods failed suite-Test_Suite--_Free_CRM_Test"> (show)</a> <!-- show-methods failed suite-Test_Suite-_Free_CRM_Test -->
                    </span>
                    <div class="method-list-content failed suite-Test_Suite--_Free_CRM_Test">
                      <span>
                        <img width="3%" src="failed.png"/>
                        <a href="#" class="method navigator-link" panel-name="suite-Test_Suite--_Free_CRM_Test" title="com.qa.tests.LoginPageTest" hash-for-method="loginTest">loginTest</a> <!-- method navigator-link -->
                      </span>
                      <br/>
                    </div> <!-- method-list-content failed suite-Test_Suite-_Free_CRM_Test -->
                  </li>
                  <li>
                    <span class="method-list-title skipped">Skipped methods</span>
                    <span class="show-or-hide-methods skipped">
                      <a href="#" panel-name="suite-Test_Suite--_Free_CRM_Test" class="hide-methods skipped suite-Test_Suite--_Free_CRM_Test"> (hide)</a> <!-- hide-methods skipped suite-Test_Suite-_Free_CRM_Test -->
                      <a href="#" panel-name="suite-Test_Suite--_Free_CRM_Test" class="show-methods skipped suite-Test_Suite--_Free_CRM_Test"> (show)</a> <!-- show-methods skipped suite-Test_Suite-_Free_CRM_Test -->
                    </span>
                    <div class="method-list-content skipped suite-Test_Suite--_Free_CRM_Test">
                      <span>
                        <img width="3%" src="skipped.png"/>
                        <a href="#" class="method navigator-link" panel-name="suite-Test_Suite--_Free_CRM_Test" title="com.qa.tests.LoginPageTest" hash-for-method="loginTest">loginTest</a> <!-- method navigator-link -->
                      </span>
                      <br/>
                      <span>
                        <img width="3%" src="skipped.png"/>
                        <a href="#" class="method navigator-link" panel-name="suite-Test_Suite--_Free_CRM_Test" title="com.qa.tests.LoginPageTest" hash-for-method="loginTest">loginTest</a> <!-- method navigator-link -->
                      </span>
                      <br/>
                    </div> <!-- method-list-content skipped suite-Test_Suite-_Free_CRM_Test -->
                  </li>
                  <li>
                    <span class="method-list-title passed">Passed methods</span>
                    <span class="show-or-hide-methods passed">
                      <a href="#" panel-name="suite-Test_Suite--_Free_CRM_Test" class="hide-methods passed suite-Test_Suite--_Free_CRM_Test"> (hide)</a> <!-- hide-methods passed suite-Test_Suite-_Free_CRM_Test -->
                      <a href="#" panel-name="suite-Test_Suite--_Free_CRM_Test" class="show-methods passed suite-Test_Suite--_Free_CRM_Test"> (show)</a> <!-- show-methods passed suite-Test_Suite-_Free_CRM_Test -->
                    </span>
                    <div class="method-list-content passed suite-Test_Suite--_Free_CRM_Test">
                      <span>
                        <img width="3%" src="passed.png"/>
                        <a href="#" class="method navigator-link" panel-name="suite-Test_Suite--_Free_CRM_Test" title="com.qa.tests.LoginPageTest" hash-for-method="crmLogoImageTest">crmLogoImageTest</a> <!-- method navigator-link -->
                      </span>
                      <br/>
                      <span>
                        <img width="3%" src="passed.png"/>
                        <a href="#" class="method navigator-link" panel-name="suite-Test_Suite--_Free_CRM_Test" title="com.qa.tests.ContactPageTest" hash-for-method="selectContactTest">selectContactTest</a> <!-- method navigator-link -->
                      </span>
                      <br/>
                      <span>
                        <img width="3%" src="passed.png"/>
                        <a href="#" class="method navigator-link" panel-name="suite-Test_Suite--_Free_CRM_Test" title="com.qa.tests.HomePageTest" hash-for-method="verifyClickContactTest">verifyClickContactTest</a> <!-- method navigator-link -->
                      </span>
                      <br/>
                      <span>
                        <img width="3%" src="passed.png"/>
                        <a href="#" class="method navigator-link" panel-name="suite-Test_Suite--_Free_CRM_Test" title="com.qa.tests.ContactPageTest" hash-for-method="verifyContactPageLabelTest">verifyContactPageLabelTest</a> <!-- method navigator-link -->
                      </span>
                      <br/>
                      <span>
                        <img width="3%" src="passed.png"/>
                        <a href="#" class="method navigator-link" panel-name="suite-Test_Suite--_Free_CRM_Test" title="com.qa.tests.HomePageTest" hash-for-method="verifyHomePageTitleTest">verifyHomePageTitleTest</a> <!-- method navigator-link -->
                      </span>
                      <br/>
                      <span>
                        <img width="3%" src="passed.png"/>
                        <a href="#" class="method navigator-link" panel-name="suite-Test_Suite--_Free_CRM_Test" title="com.qa.tests.LoginPageTest" hash-for-method="verifyLoginTitleTest">verifyLoginTitleTest</a> <!-- method navigator-link -->
                      </span>
                      <br/>
                      <span>
                        <img width="3%" src="passed.png"/>
                        <a href="#" class="method navigator-link" panel-name="suite-Test_Suite--_Free_CRM_Test" title="com.qa.tests.HomePageTest" hash-for-method="verifyUserNameTest">verifyUserNameTest</a> <!-- method navigator-link -->
                      </span>
                      <br/>
                    </div> <!-- method-list-content passed suite-Test_Suite-_Free_CRM_Test -->
                  </li>
                </ul>
              </div> <!-- suite-section-content -->
            </div> <!-- result-section -->
          </div> <!-- navigator-suite-content -->
        </div> <!-- rounded-window -->
      </div> <!-- suite -->
    </div> <!-- navigator-root -->
    <div class="wrapper">
      <div class="main-panel-root">
        <div panel-name="suite-Test_Suite--_Free_CRM_Test" class="panel Test_Suite--_Free_CRM_Test">
          <div class="suite-Test_Suite--_Free_CRM_Test-class-failed">
            <div class="main-panel-header rounded-window-top">
              <img src="failed.png"/>
              <span class="class-name">com.qa.tests.LoginPageTest</span>
            </div> <!-- main-panel-header rounded-window-top -->
            <div class="main-panel-content rounded-window-bottom">
              <div class="method">
                <div class="method-content">
                  <a name="loginTest">
                  </a> <!-- loginTest -->
                  <span class="method-name">loginTest</span>
                  <div class="stack-trace">org.openqa.selenium.WebDriverException: unknown error: Element &lt;input type=&quot;submit&quot; value=&quot;Login&quot; class=&quot;btn btn-small&quot;&gt; is not clickable at point (1182, 117). Other element would receive the click: &lt;div id=&quot;preloader&quot; style=&quot;opacity: 0.492336;&quot;&gt;...&lt;/div&gt;
  (Session info: chrome=68.0.3440.106)
  (Driver info: chromedriver=2.41.578737 (49da6702b16031c40d63e5618de03a32ff6c197e),platform=Windows NT 6.1.7601 SP1 x86_64) (WARNING: The server did not provide any stacktrace information)
Command duration or timeout: 0 milliseconds
Build info: version: &apos;3.14.0&apos;, revision: &apos;aacccce0&apos;, time: &apos;2018-08-02T20:19:58.91Z&apos;
System info: host: &apos;RASHEED-PC&apos;, ip: &apos;192.168.43.250&apos;, os.name: &apos;Windows 7&apos;, os.arch: &apos;amd64&apos;, os.version: &apos;6.1&apos;, java.version: &apos;1.8.0_121&apos;
Driver info: org.openqa.selenium.chrome.ChromeDriver
Capabilities {acceptInsecureCerts: false, acceptSslCerts: false, applicationCacheEnabled: false, browserConnectionEnabled: false, browserName: chrome, chrome: {chromedriverVersion: 2.41.578737 (49da6702b16031..., userDataDir: C:\Users\Rasheed\AppData\Lo...}, cssSelectorsEnabled: true, databaseEnabled: false, goog:chromeOptions: {debuggerAddress: localhost:50943}, handlesAlerts: true, hasTouchScreen: false, javascriptEnabled: true, locationContextEnabled: true, mobileEmulationEnabled: false, nativeEvents: true, networkConnectionEnabled: false, pageLoadStrategy: normal, platform: XP, platformName: XP, rotatable: false, setWindowRect: true, takesHeapSnapshot: true, takesScreenshot: true, unexpectedAlertBehaviour: , unhandledPromptBehavior: , version: 68.0.3440.106, webStorageEnabled: true}
Session ID: c467f9c50521a91791be278746059c95
	at org.openqa.selenium.remote.ErrorHandler.createThrowable(ErrorHandler.java:214)
	at org.openqa.selenium.remote.ErrorHandler.throwIfResponseFailed(ErrorHandler.java:166)
	at org.openqa.selenium.remote.http.JsonHttpResponseCodec.reconstructValue(JsonHttpResponseCodec.java:40)
	at org.openqa.selenium.remote.http.AbstractHttpResponseCodec.decode(AbstractHttpResponseCodec.java:80)
	at org.openqa.selenium.remote.http.AbstractHttpResponseCodec.decode(AbstractHttpResponseCodec.java:44)
	at org.openqa.selenium.remote.HttpCommandExecutor.execute(HttpCommandExecutor.java:158)
	at org.openqa.selenium.remote.service.DriverCommandExecutor.execute(DriverCommandExecutor.java:83)
	at org.openqa.selenium.remote.RemoteWebDriver.execute(RemoteWebDriver.java:548)
	at org.openqa.selenium.remote.RemoteWebElement.execute(RemoteWebElement.java:276)
	at org.openqa.selenium.remote.RemoteWebElement.click(RemoteWebElement.java:83)
	at org.openqa.selenium.support.pagefactory.internal.LocatingElementHandler.invoke(LocatingElementHandler.java:51)
	at com.sun.proxy.$Proxy10.click(Unknown Source)
	at com.qa.pages.LoginPage.login(LoginPage.java:39)
	at com.qa.tests.LoginPageTest.loginTest(LoginPageTest.java:45)
... Removed 33 stack frames
</div> <!-- stack-trace -->
                </div> <!-- method-content -->
              </div> <!-- method -->
            </div> <!-- main-panel-content rounded-window-bottom -->
          </div> <!-- suite-Test_Suite-_Free_CRM_Test-class-failed -->
          <div class="suite-Test_Suite--_Free_CRM_Test-class-skipped">
            <div class="main-panel-header rounded-window-top">
              <img src="skipped.png"/>
              <span class="class-name">com.qa.tests.LoginPageTest</span>
            </div> <!-- main-panel-header rounded-window-top -->
            <div class="main-panel-content rounded-window-bottom">
              <div class="method">
                <div class="method-content">
                  <a name="loginTest">
                  </a> <!-- loginTest -->
                  <span class="method-name">loginTest</span>
                  <div class="stack-trace">org.openqa.selenium.WebDriverException: unknown error: Element &lt;input type=&quot;submit&quot; value=&quot;Login&quot; class=&quot;btn btn-small&quot;&gt; is not clickable at point (1182, 117). Other element would receive the click: &lt;div id=&quot;preloader&quot; style=&quot;opacity: 0.874225;&quot;&gt;...&lt;/div&gt;
  (Session info: chrome=68.0.3440.106)
  (Driver info: chromedriver=2.41.578737 (49da6702b16031c40d63e5618de03a32ff6c197e),platform=Windows NT 6.1.7601 SP1 x86_64) (WARNING: The server did not provide any stacktrace information)
Command duration or timeout: 0 milliseconds
Build info: version: &apos;3.14.0&apos;, revision: &apos;aacccce0&apos;, time: &apos;2018-08-02T20:19:58.91Z&apos;
System info: host: &apos;RASHEED-PC&apos;, ip: &apos;192.168.43.250&apos;, os.name: &apos;Windows 7&apos;, os.arch: &apos;amd64&apos;, os.version: &apos;6.1&apos;, java.version: &apos;1.8.0_121&apos;
Driver info: org.openqa.selenium.chrome.ChromeDriver
Capabilities {acceptInsecureCerts: false, acceptSslCerts: false, applicationCacheEnabled: false, browserConnectionEnabled: false, browserName: chrome, chrome: {chromedriverVersion: 2.41.578737 (49da6702b16031..., userDataDir: C:\Users\Rasheed\AppData\Lo...}, cssSelectorsEnabled: true, databaseEnabled: false, goog:chromeOptions: {debuggerAddress: localhost:50901}, handlesAlerts: true, hasTouchScreen: false, javascriptEnabled: true, locationContextEnabled: true, mobileEmulationEnabled: false, nativeEvents: true, networkConnectionEnabled: false, pageLoadStrategy: normal, platform: XP, platformName: XP, rotatable: false, setWindowRect: true, takesHeapSnapshot: true, takesScreenshot: true, unexpectedAlertBehaviour: , unhandledPromptBehavior: , version: 68.0.3440.106, webStorageEnabled: true}
Session ID: 96914dfdec8aeef10c6e13445761fe09
	at org.openqa.selenium.remote.ErrorHandler.createThrowable(ErrorHandler.java:214)
	at org.openqa.selenium.remote.ErrorHandler.throwIfResponseFailed(ErrorHandler.java:166)
	at org.openqa.selenium.remote.http.JsonHttpResponseCodec.reconstructValue(JsonHttpResponseCodec.java:40)
	at org.openqa.selenium.remote.http.AbstractHttpResponseCodec.decode(AbstractHttpResponseCodec.java:80)
	at org.openqa.selenium.remote.http.AbstractHttpResponseCodec.decode(AbstractHttpResponseCodec.java:44)
	at org.openqa.selenium.remote.HttpCommandExecutor.execute(HttpCommandExecutor.java:158)
	at org.openqa.selenium.remote.service.DriverCommandExecutor.execute(DriverCommandExecutor.java:83)
	at org.openqa.selenium.remote.RemoteWebDriver.execute(RemoteWebDriver.java:548)
	at org.openqa.selenium.remote.RemoteWebElement.execute(RemoteWebElement.java:276)
	at org.openqa.selenium.remote.RemoteWebElement.click(RemoteWebElement.java:83)
	at org.openqa.selenium.support.pagefactory.internal.LocatingElementHandler.invoke(LocatingElementHandler.java:51)
	at com.sun.proxy.$Proxy10.click(Unknown Source)
	at com.qa.pages.LoginPage.login(LoginPage.java:39)
	at com.qa.tests.LoginPageTest.loginTest(LoginPageTest.java:45)
... Removed 33 stack frames
</div> <!-- stack-trace -->
                </div> <!-- method-content -->
              </div> <!-- method -->
              <div class="method">
                <div class="method-content">
                  <a name="loginTest">
                  </a> <!-- loginTest -->
                  <span class="method-name">loginTest</span>
                  <div class="stack-trace">org.openqa.selenium.WebDriverException: unknown error: Element &lt;input type=&quot;submit&quot; value=&quot;Login&quot; class=&quot;btn btn-small&quot;&gt; is not clickable at point (1182, 117). Other element would receive the click: &lt;div id=&quot;preloader&quot; style=&quot;opacity: 0.3364;&quot;&gt;...&lt;/div&gt;
  (Session info: chrome=68.0.3440.106)
  (Driver info: chromedriver=2.41.578737 (49da6702b16031c40d63e5618de03a32ff6c197e),platform=Windows NT 6.1.7601 SP1 x86_64) (WARNING: The server did not provide any stacktrace information)
Command duration or timeout: 0 milliseconds
Build info: version: &apos;3.14.0&apos;, revision: &apos;aacccce0&apos;, time: &apos;2018-08-02T20:19:58.91Z&apos;
System info: host: &apos;RASHEED-PC&apos;, ip: &apos;192.168.43.250&apos;, os.name: &apos;Windows 7&apos;, os.arch: &apos;amd64&apos;, os.version: &apos;6.1&apos;, java.version: &apos;1.8.0_121&apos;
Driver info: org.openqa.selenium.chrome.ChromeDriver
Capabilities {acceptInsecureCerts: false, acceptSslCerts: false, applicationCacheEnabled: false, browserConnectionEnabled: false, browserName: chrome, chrome: {chromedriverVersion: 2.41.578737 (49da6702b16031..., userDataDir: C:\Users\Rasheed\AppData\Lo...}, cssSelectorsEnabled: true, databaseEnabled: false, goog:chromeOptions: {debuggerAddress: localhost:50852}, handlesAlerts: true, hasTouchScreen: false, javascriptEnabled: true, locationContextEnabled: true, mobileEmulationEnabled: false, nativeEvents: true, networkConnectionEnabled: false, pageLoadStrategy: normal, platform: XP, platformName: XP, rotatable: false, setWindowRect: true, takesHeapSnapshot: true, takesScreenshot: true, unexpectedAlertBehaviour: , unhandledPromptBehavior: , version: 68.0.3440.106, webStorageEnabled: true}
Session ID: 9a50224b0d3f235fb2d06bad6c8f751d
	at org.openqa.selenium.remote.ErrorHandler.createThrowable(ErrorHandler.java:214)
	at org.openqa.selenium.remote.ErrorHandler.throwIfResponseFailed(ErrorHandler.java:166)
	at org.openqa.selenium.remote.http.JsonHttpResponseCodec.reconstructValue(JsonHttpResponseCodec.java:40)
	at org.openqa.selenium.remote.http.AbstractHttpResponseCodec.decode(AbstractHttpResponseCodec.java:80)
	at org.openqa.selenium.remote.http.AbstractHttpResponseCodec.decode(AbstractHttpResponseCodec.java:44)
	at org.openqa.selenium.remote.HttpCommandExecutor.execute(HttpCommandExecutor.java:158)
	at org.openqa.selenium.remote.service.DriverCommandExecutor.execute(DriverCommandExecutor.java:83)
	at org.openqa.selenium.remote.RemoteWebDriver.execute(RemoteWebDriver.java:548)
	at org.openqa.selenium.remote.RemoteWebElement.execute(RemoteWebElement.java:276)
	at org.openqa.selenium.remote.RemoteWebElement.click(RemoteWebElement.java:83)
	at org.openqa.selenium.support.pagefactory.internal.LocatingElementHandler.invoke(LocatingElementHandler.java:51)
	at com.sun.proxy.$Proxy10.click(Unknown Source)
	at com.qa.pages.LoginPage.login(LoginPage.java:39)
	at com.qa.tests.LoginPageTest.loginTest(LoginPageTest.java:45)
... Removed 33 stack frames
</div> <!-- stack-trace -->
                </div> <!-- method-content -->
              </div> <!-- method -->
            </div> <!-- main-panel-content rounded-window-bottom -->
          </div> <!-- suite-Test_Suite-_Free_CRM_Test-class-skipped -->
          <div class="suite-Test_Suite--_Free_CRM_Test-class-passed">
            <div class="main-panel-header rounded-window-top">
              <img src="passed.png"/>
              <span class="class-name">com.qa.tests.LoginPageTest</span>
            </div> <!-- main-panel-header rounded-window-top -->
            <div class="main-panel-content rounded-window-bottom">
              <div class="method">
                <div class="method-content">
                  <a name="crmLogoImageTest">
                  </a> <!-- crmLogoImageTest -->
                  <span class="method-name">crmLogoImageTest</span>
                </div> <!-- method-content -->
              </div> <!-- method -->
              <div class="method">
                <div class="method-content">
                  <a name="verifyLoginTitleTest">
                  </a> <!-- verifyLoginTitleTest -->
                  <span class="method-name">verifyLoginTitleTest</span>
                </div> <!-- method-content -->
              </div> <!-- method -->
            </div> <!-- main-panel-content rounded-window-bottom -->
          </div> <!-- suite-Test_Suite-_Free_CRM_Test-class-passed -->
          <div class="suite-Test_Suite--_Free_CRM_Test-class-passed">
            <div class="main-panel-header rounded-window-top">
              <img src="passed.png"/>
              <span class="class-name">com.qa.tests.ContactPageTest</span>
            </div> <!-- main-panel-header rounded-window-top -->
            <div class="main-panel-content rounded-window-bottom">
              <div class="method">
                <div class="method-content">
                  <a name="selectContactTest">
                  </a> <!-- selectContactTest -->
                  <span class="method-name">selectContactTest</span>
                </div> <!-- method-content -->
              </div> <!-- method -->
              <div class="method">
                <div class="method-content">
                  <a name="verifyContactPageLabelTest">
                  </a> <!-- verifyContactPageLabelTest -->
                  <span class="method-name">verifyContactPageLabelTest</span>
                </div> <!-- method-content -->
              </div> <!-- method -->
            </div> <!-- main-panel-content rounded-window-bottom -->
          </div> <!-- suite-Test_Suite-_Free_CRM_Test-class-passed -->
          <div class="suite-Test_Suite--_Free_CRM_Test-class-passed">
            <div class="main-panel-header rounded-window-top">
              <img src="passed.png"/>
              <span class="class-name">com.qa.tests.HomePageTest</span>
            </div> <!-- main-panel-header rounded-window-top -->
            <div class="main-panel-content rounded-window-bottom">
              <div class="method">
                <div class="method-content">
                  <a name="verifyClickContactTest">
                  </a> <!-- verifyClickContactTest -->
                  <span class="method-name">verifyClickContactTest</span>
                </div> <!-- method-content -->
              </div> <!-- method -->
              <div class="method">
                <div class="method-content">
                  <a name="verifyHomePageTitleTest">
                  </a> <!-- verifyHomePageTitleTest -->
                  <span class="method-name">verifyHomePageTitleTest</span>
                </div> <!-- method-content -->
              </div> <!-- method -->
              <div class="method">
                <div class="method-content">
                  <a name="verifyUserNameTest">
                  </a> <!-- verifyUserNameTest -->
                  <span class="method-name">verifyUserNameTest</span>
                </div> <!-- method-content -->
              </div> <!-- method -->
            </div> <!-- main-panel-content rounded-window-bottom -->
          </div> <!-- suite-Test_Suite-_Free_CRM_Test-class-passed -->
        </div> <!-- panel Test_Suite-_Free_CRM_Test -->
        <div panel-name="test-xml-Test_Suite--_Free_CRM_Test" class="panel">
          <div class="main-panel-header rounded-window-top">
            <span class="header-content">C:\Users\Rasheed\workspace\framework\src\main\java\resources\testng.xml</span>
          </div> <!-- main-panel-header rounded-window-top -->
          <div class="main-panel-content rounded-window-bottom">
            <pre>
&lt;?xml version=&quot;1.0&quot; encoding=&quot;UTF-8&quot;?&gt;
&lt;!DOCTYPE suite SYSTEM &quot;http://testng.org/testng-1.0.dtd&quot;&gt;
&lt;suite guice-stage=&quot;DEVELOPMENT&quot; name=&quot;Test Suite-- Free CRM Test&quot;&gt;
  &lt;test thread-count=&quot;5&quot; name=&quot;Free CRM Test Regression&quot;&gt;
    &lt;classes&gt;
      &lt;class name=&quot;com.qa.tests.LoginPageTest&quot;/&gt;
      &lt;class name=&quot;com.qa.tests.HomePageTest&quot;/&gt;
      &lt;class name=&quot;com.qa.tests.ContactPageTest&quot;/&gt;
    &lt;/classes&gt;
  &lt;/test&gt; &lt;!-- Free CRM Test Regression --&gt;
&lt;/suite&gt; &lt;!-- Test Suite- Free CRM Test --&gt;
            </pre>
          </div> <!-- main-panel-content rounded-window-bottom -->
        </div> <!-- panel -->
        <div panel-name="testlist-Test_Suite--_Free_CRM_Test" class="panel">
          <div class="main-panel-header rounded-window-top">
            <span class="header-content">Tests for Test Suite-- Free CRM Test</span>
          </div> <!-- main-panel-header rounded-window-top -->
          <div class="main-panel-content rounded-window-bottom">
            <ul>
              <li>
                <span class="test-name">Free CRM Test Regression (3 classes)</span>
              </li>
            </ul>
          </div> <!-- main-panel-content rounded-window-bottom -->
        </div> <!-- panel -->
        <div panel-name="group-Test_Suite--_Free_CRM_Test" class="panel">
          <div class="main-panel-header rounded-window-top">
            <span class="header-content">Groups for Test Suite-- Free CRM Test</span>
          </div> <!-- main-panel-header rounded-window-top -->
          <div class="main-panel-content rounded-window-bottom">
          </div> <!-- main-panel-content rounded-window-bottom -->
        </div> <!-- panel -->
        <div panel-name="times-Test_Suite--_Free_CRM_Test" class="panel">
          <div class="main-panel-header rounded-window-top">
            <span class="header-content">Times for Test Suite-- Free CRM Test</span>
          </div> <!-- main-panel-header rounded-window-top -->
          <div class="main-panel-content rounded-window-bottom">
            <div class="times-div">
              <script type="text/javascript">
suiteTableInitFunctions.push('tableData_Test_Suite--_Free_CRM_Test');
function tableData_Test_Suite--_Free_CRM_Test() {
var data = new google.visualization.DataTable();
data.addColumn('number', 'Number');
data.addColumn('string', 'Method');
data.addColumn('string', 'Class');
data.addColumn('number', 'Time (ms)');
data.addRows(10);
data.setCell(0, 0, 0)
data.setCell(0, 1, 'verifyClickContactTest')
data.setCell(0, 2, 'com.qa.tests.HomePageTest')
data.setCell(0, 3, 1925);
data.setCell(1, 0, 1)
data.setCell(1, 1, 'selectContactTest')
data.setCell(1, 2, 'com.qa.tests.ContactPageTest')
data.setCell(1, 3, 1698);
data.setCell(2, 0, 2)
data.setCell(2, 1, 'loginTest')
data.setCell(2, 2, 'com.qa.tests.LoginPageTest')
data.setCell(2, 3, 767);
data.setCell(3, 0, 3)
data.setCell(3, 1, 'loginTest')
data.setCell(3, 2, 'com.qa.tests.LoginPageTest')
data.setCell(3, 3, 569);
data.setCell(4, 0, 4)
data.setCell(4, 1, 'loginTest')
data.setCell(4, 2, 'com.qa.tests.LoginPageTest')
data.setCell(4, 3, 409);
data.setCell(5, 0, 5)
data.setCell(5, 1, 'verifyUserNameTest')
data.setCell(5, 2, 'com.qa.tests.HomePageTest')
data.setCell(5, 3, 142);
data.setCell(6, 0, 6)
data.setCell(6, 1, 'crmLogoImageTest')
data.setCell(6, 2, 'com.qa.tests.LoginPageTest')
data.setCell(6, 3, 126);
data.setCell(7, 0, 7)
data.setCell(7, 1, 'verifyLoginTitleTest')
data.setCell(7, 2, 'com.qa.tests.LoginPageTest')
data.setCell(7, 3, 80);
data.setCell(8, 0, 8)
data.setCell(8, 1, 'verifyContactPageLabelTest')
data.setCell(8, 2, 'com.qa.tests.ContactPageTest')
data.setCell(8, 3, 57);
data.setCell(9, 0, 9)
data.setCell(9, 1, 'verifyHomePageTitleTest')
data.setCell(9, 2, 'com.qa.tests.HomePageTest')
data.setCell(9, 3, 14);
window.suiteTableData['Test_Suite--_Free_CRM_Test']= { tableData: data, tableDiv: 'times-div-Test_Suite--_Free_CRM_Test'}
return data;
}
              </script>
              <span class="suite-total-time">Total running time: 5 seconds</span>
              <div id="times-div-Test_Suite--_Free_CRM_Test">
              </div> <!-- times-div-Test_Suite-_Free_CRM_Test -->
            </div> <!-- times-div -->
          </div> <!-- main-panel-content rounded-window-bottom -->
        </div> <!-- panel -->
        <div panel-name="reporter-Test_Suite--_Free_CRM_Test" class="panel">
          <div class="main-panel-header rounded-window-top">
            <span class="header-content">Reporter output for Test Suite-- Free CRM Test</span>
          </div> <!-- main-panel-header rounded-window-top -->
          <div class="main-panel-content rounded-window-bottom">
          </div> <!-- main-panel-content rounded-window-bottom -->
        </div> <!-- panel -->
        <div panel-name="ignored-methods-Test_Suite--_Free_CRM_Test" class="panel">
          <div class="main-panel-header rounded-window-top">
            <span class="header-content">0 ignored methods</span>
          </div> <!-- main-panel-header rounded-window-top -->
          <div class="main-panel-content rounded-window-bottom">
          </div> <!-- main-panel-content rounded-window-bottom -->
        </div> <!-- panel -->
        <div panel-name="chronological-Test_Suite--_Free_CRM_Test" class="panel">
          <div class="main-panel-header rounded-window-top">
            <span class="header-content">Methods in chronological order</span>
          </div> <!-- main-panel-header rounded-window-top -->
          <div class="main-panel-content rounded-window-bottom">
            <div class="chronological-class">
              <div class="chronological-class-name">com.qa.tests.LoginPageTest</div> <!-- chronological-class-name -->
              <div class="configuration-method before">
                <span class="method-name">setUp</span>
                <span class="method-start">0 ms</span>
              </div> <!-- configuration-method before -->
              <div class="test-method">
                <span class="method-name">verifyLoginTitleTest</span>
                <span class="method-start">12587 ms</span>
              </div> <!-- test-method -->
              <div class="configuration-method after">
                <span class="method-name">tearDown([TestResult name=verifyLoginTitleTest status=SUCCESS method=LoginPageTest.verifyLoginTitleTest()[pri...)</span>
                <span class="method-start">12673 ms</span>
              </div> <!-- configuration-method after -->
            </div> <!-- chronological-class -->
            <div class="chronological-class">
              <div class="chronological-class-name">com.qa.tests.HomePageTest</div> <!-- chronological-class-name -->
              <div class="configuration-method before">
                <span class="method-name">setUp</span>
                <span class="method-start">13344 ms</span>
              </div> <!-- configuration-method before -->
              <div class="test-method">
                <span class="method-name">verifyHomePageTitleTest</span>
                <span class="method-start">37818 ms</span>
              </div> <!-- test-method -->
              <div class="configuration-method after">
                <span class="method-name">tearDown([TestResult name=verifyHomePageTitleTest status=SUCCESS method=HomePageTest.verifyHomePageTitleTest(...)</span>
                <span class="method-start">37834 ms</span>
              </div> <!-- configuration-method after -->
            </div> <!-- chronological-class -->
            <div class="chronological-class">
              <div class="chronological-class-name">com.qa.tests.ContactPageTest</div> <!-- chronological-class-name -->
              <div class="configuration-method before">
                <span class="method-name">setUp</span>
                <span class="method-start">38526 ms</span>
              </div> <!-- configuration-method before -->
              <div class="test-method">
                <span class="method-name">verifyContactPageLabelTest</span>
                <span class="method-start">62138 ms</span>
              </div> <!-- test-method -->
              <div class="configuration-method after">
                <span class="method-name">tearDown([TestResult name=verifyContactPageLabelTest status=SUCCESS method=ContactPageTest.verifyContactPageL...)</span>
                <span class="method-start">62196 ms</span>
              </div> <!-- configuration-method after -->
            </div> <!-- chronological-class -->
            <div class="chronological-class">
              <div class="chronological-class-name">com.qa.tests.LoginPageTest</div> <!-- chronological-class-name -->
              <div class="configuration-method before">
                <span class="method-name">setUp</span>
                <span class="method-start">62883 ms</span>
              </div> <!-- configuration-method before -->
              <div class="test-method">
                <span class="method-name">crmLogoImageTest</span>
                <span class="method-start">71596 ms</span>
              </div> <!-- test-method -->
              <div class="configuration-method after">
                <span class="method-name">tearDown([TestResult name=crmLogoImageTest status=SUCCESS method=LoginPageTest.crmLogoImageTest()[pri:2, inst...)</span>
                <span class="method-start">71725 ms</span>
              </div> <!-- configuration-method after -->
            </div> <!-- chronological-class -->
            <div class="chronological-class">
              <div class="chronological-class-name">com.qa.tests.HomePageTest</div> <!-- chronological-class-name -->
              <div class="configuration-method before">
                <span class="method-name">setUp</span>
                <span class="method-start">72349 ms</span>
              </div> <!-- configuration-method before -->
              <div class="test-method">
                <span class="method-name">verifyUserNameTest</span>
                <span class="method-start">97467 ms</span>
              </div> <!-- test-method -->
              <div class="configuration-method after">
                <span class="method-name">tearDown([TestResult name=verifyUserNameTest status=SUCCESS method=HomePageTest.verifyUserNameTest()[pri:2, i...)</span>
                <span class="method-start">97611 ms</span>
              </div> <!-- configuration-method after -->
            </div> <!-- chronological-class -->
            <div class="chronological-class">
              <div class="chronological-class-name">com.qa.tests.ContactPageTest</div> <!-- chronological-class-name -->
              <div class="configuration-method before">
                <span class="method-name">setUp</span>
                <span class="method-start">98287 ms</span>
              </div> <!-- configuration-method before -->
              <div class="test-method">
                <span class="method-name">selectContactTest</span>
                <span class="method-start">122582 ms</span>
              </div> <!-- test-method -->
              <div class="configuration-method after">
                <span class="method-name">tearDown([TestResult name=selectContactTest status=SUCCESS method=ContactPageTest.selectContactTest()[pri:2, ...)</span>
                <span class="method-start">124282 ms</span>
              </div> <!-- configuration-method after -->
            </div> <!-- chronological-class -->
            <div class="chronological-class">
              <div class="chronological-class-name">com.qa.tests.LoginPageTest</div> <!-- chronological-class-name -->
              <div class="configuration-method before">
                <span class="method-name">setUp</span>
                <span class="method-start">124937 ms</span>
              </div> <!-- configuration-method before -->
              <div class="test-method">
                <span class="method-name">loginTest</span>
                <span class="method-start">135912 ms</span>
              </div> <!-- test-method -->
              <div class="configuration-method after">
                <span class="method-name">tearDown([TestResult name=loginTest status=SKIP method=LoginPageTest.loginTest()[pri:3, instance:com.qa.tests...)</span>
                <span class="method-start">136712 ms</span>
              </div> <!-- configuration-method after -->
              <div class="configuration-method before">
                <span class="method-name">setUp</span>
                <span class="method-start">137359 ms</span>
              </div> <!-- configuration-method before -->
              <div class="test-method">
                <span class="method-name">loginTest</span>
                <span class="method-start">146898 ms</span>
              </div> <!-- test-method -->
              <div class="configuration-method after">
                <span class="method-name">tearDown([TestResult name=loginTest status=SKIP method=LoginPageTest.loginTest()[pri:3, instance:com.qa.tests...)</span>
                <span class="method-start">147309 ms</span>
              </div> <!-- configuration-method after -->
              <div class="configuration-method before">
                <span class="method-name">setUp</span>
                <span class="method-start">147941 ms</span>
              </div> <!-- configuration-method before -->
              <div class="test-method">
                <img src="failed.png">
                </img>
                <span class="method-name">loginTest</span>
                <span class="method-start">156869 ms</span>
              </div> <!-- test-method -->
              <div class="configuration-method after">
                <span class="method-name">tearDown([TestResult name=loginTest status=FAILURE method=LoginPageTest.loginTest()[pri:3, instance:com.qa.te...)</span>
                <span class="method-start">157440 ms</span>
              </div> <!-- configuration-method after -->
            </div> <!-- chronological-class -->
            <div class="chronological-class">
              <div class="chronological-class-name">com.qa.tests.HomePageTest</div> <!-- chronological-class-name -->
              <div class="configuration-method before">
                <span class="method-name">setUp</span>
                <span class="method-start">159744 ms</span>
              </div> <!-- configuration-method before -->
              <div class="test-method">
                <span class="method-name">verifyClickContactTest</span>
                <span class="method-start">185020 ms</span>
              </div> <!-- test-method -->
              <div class="configuration-method after">
                <span class="method-name">tearDown([TestResult name=verifyClickContactTest status=SUCCESS method=HomePageTest.verifyClickContactTest()[...)</span>
                <span class="method-start">186946 ms</span>
              </div> <!-- configuration-method after -->
          </div> <!-- main-panel-content rounded-window-bottom -->
        </div> <!-- panel -->
      </div> <!-- main-panel-root -->
    </div> <!-- wrapper -->
  </body>
</html>
